0 info it worked if it ends with ok
1 verbose cli [ 'node', '/usr/local/bin/npm', 'run', 'test-built' ]
2 info using npm@2.13.4
3 info using node@v0.10.32
4 verbose node symlink /usr/local/bin/node
5 verbose run-script [ 'pretest-built', 'test-built', 'posttest-built' ]
6 info pretest-built meteor-webpack-react@0.0.1
7 info test-built meteor-webpack-react@0.0.1
8 verbose unsafe-perm in lifecycle true
9 info meteor-webpack-react@0.0.1 Failed to exec test-built script
10 verbose stack Error: meteor-webpack-react@0.0.1 test-built: `webpack/scripts/test-built.sh`
10 verbose stack Exit status 1
10 verbose stack     at EventEmitter.<anonymous> (/usr/local/lib/node_modules/npm/lib/utils/lifecycle.js:214:16)
10 verbose stack     at EventEmitter.emit (events.js:98:17)
10 verbose stack     at ChildProcess.<anonymous> (/usr/local/lib/node_modules/npm/lib/utils/spawn.js:24:14)
10 verbose stack     at ChildProcess.emit (events.js:98:17)
10 verbose stack     at maybeClose (child_process.js:756:16)
10 verbose stack     at Process.ChildProcess._handle.onexit (child_process.js:823:5)
11 verbose pkgid meteor-webpack-react@0.0.1
12 verbose cwd /Users/adam/projects/meteor-webpack-react
13 error Darwin 14.4.0
14 error argv "node" "/usr/local/bin/npm" "run" "test-built"
15 error node v0.10.32
16 error npm  v2.13.4
17 error code ELIFECYCLE
18 error meteor-webpack-react@0.0.1 test-built: `webpack/scripts/test-built.sh`
18 error Exit status 1
19 error Failed at the meteor-webpack-react@0.0.1 test-built script 'webpack/scripts/test-built.sh'.
19 error This is most likely a problem with the meteor-webpack-react package,
19 error not with npm itself.
19 error Tell the author that this fails on your system:
19 error     webpack/scripts/test-built.sh
19 error You can get their info via:
19 error     npm owner ls meteor-webpack-react
19 error There is likely additional logging output above.
20 verbose exit [ 1, true ]
