0 info it worked if it ends with ok
1 verbose cli [ '/home/andy/.nvm/v0.10.36/bin/node',
1 verbose cli   '/home/andy/.nvm/v0.10.36/bin/npm',
1 verbose cli   'run',
1 verbose cli   'test-built' ]
2 info using npm@1.4.28
3 info using node@v0.10.36
4 verbose run-script [ 'pretest-built', 'test-built', 'posttest-built' ]
5 info pretest-built meteor-webpack-react@0.0.1
6 info test-built meteor-webpack-react@0.0.1
7 verbose unsafe-perm in lifecycle true
8 info meteor-webpack-react@0.0.1 Failed to exec test-built script
9 error meteor-webpack-react@0.0.1 test-built: `scripts/test-built.sh`
9 error Exit status 8
10 error Failed at the meteor-webpack-react@0.0.1 test-built script.
10 error This is most likely a problem with the meteor-webpack-react package,
10 error not with npm itself.
10 error Tell the author that this fails on your system:
10 error     scripts/test-built.sh
10 error You can get their info via:
10 error     npm owner ls meteor-webpack-react
10 error There is likely additional logging output above.
11 error System Linux 3.16.0-44-generic
12 error command "/home/andy/.nvm/v0.10.36/bin/node" "/home/andy/.nvm/v0.10.36/bin/npm" "run" "test-built"
13 error cwd /home/andy/meteor-webpack-react/webpack
14 error node -v v0.10.36
15 error npm -v 1.4.28
16 error code ELIFECYCLE
17 verbose exit [ 1, true ]
